<?xml version="1.0" encoding="UTF-8"?>
<!-- Generated by org.testng.reporters.JUnitReportReporter -->
<testsuite hostname="DESKTOP-SPGQLBH" failures="0" tests="1" name="com.crm.Demo1.LoginLogoutVTTest" time="72.368" errors="0" timestamp="2022-03-23T13:51:52 IST" skipped="0">
  <testcase classname="com.crm.Demo1.LoginLogoutVTTest" name="getParameters" time="72.368"/>
  <system-out/>
</testsuite> <!-- com.crm.Demo1.LoginLogoutVTTest -->
